7.144s vector default constructor
1.943s vector value constructor
2.145s vector iterator constructor
2.641s vector copy constructor
4.493s vector operator =
1.938s vector assign value
2.301s vector assign iterator
0.10s vector assign InputIterator
1.961s vector reserve capacity
1.962s vector create clear
4.119s vector insert val
0.517s vector insert count
2.334s vector insert iterator
0.49s vector erase value
0.919s vector erase range
0.817s vector push_back value
### TEST POP_BACK ###
0.148s vector pop_back value
1.967s vector resize range
0.332s vector swap member
0.331s vector swap namespace
