6.990s vector default constructor
1.978s vector value constructor
2.548s vector iterator constructor
3.107s vector copy constructor
1.458s vector operator =
0.654s vector assign value
0.909s vector assign iterator
0.6s vector assign InputIterator
1.971s vector reserve capacity
1.972s vector create clear
4.494s vector insert val
0.514s vector insert count
2.743s vector insert iterator
0.53s vector erase value
0.911s vector erase range
0.544s vector push_back value
### TEST POP_BACK ###
0.152s vector pop_back value
1.966s vector resize range
0.332s vector swap member
0.331s vector swap namespace
